Logfile date: lun. 25 mars 2024 17:05:56 CET

Submitted argument: france.ber

make[1]: Entering directory '/home/aheitz/so_long'
-- MLX42 @ 2.3.3
-- Building in RELEASE mode
-- Found GLFW: /usr/lib/x86_64-linux-gnu/libglfw.so
-- Configuring done
-- Generating done
-- Build files have been written to: /home/aheitz/so_long/lib/MLX42/build
make[2]: Entering directory '/home/aheitz/so_long/lib/MLX42/build'
make[3]: Entering directory '/home/aheitz/so_long/lib/MLX42/build'
make[4]: Entering directory '/home/aheitz/so_long/lib/MLX42/build'
[35m[1mConsolidate compiler generated dependencies of target mlx42[0m
make[4]: Leaving directory '/home/aheitz/so_long/lib/MLX42/build'
[100%] Built target mlx42
make[3]: Leaving directory '/home/aheitz/so_long/lib/MLX42/build'
make[2]: Leaving directory '/home/aheitz/so_long/lib/MLX42/build'
make[1]: Leaving directory '/home/aheitz/so_long'

==4050491== Memcheck, a memory error detector
==4050491== Copyright (C) 2002-2017, and GNU GPL'd, by Julian Seward et al.
==4050491== Using Valgrind-3.18.1 and LibVEX; rerun with -h for copyright info
==4050491== Command: ./so_long france.ber
==4050491== 
==4050491== 
==4050491== HEAP SUMMARY:
==4050491==     in use at exit: 0 bytes in 0 blocks
==4050491==   total heap usage: 146 allocs, 146 frees, 6,679 bytes allocated
==4050491== 
==4050491== All heap blocks were freed -- no leaks are possible
==4050491== 
==4050491== For lists of detected and suppressed errors, rerun with: -s
==4050491== ERROR SUMMARY: 0 errors from 0 contexts (suppressed: 0 from 0)

Logfile date: lun. 25 mars 2024 16:56:56 CET

Submitted argument: france.ber

make[1]: Entering directory '/home/aheitz/so_long'
-- MLX42 @ 2.3.3
-- Building in RELEASE mode
-- Found GLFW: /usr/lib/x86_64-linux-gnu/libglfw.so
-- Configuring done
-- Generating done
-- Build files have been written to: /home/aheitz/so_long/lib/MLX42/build
make[2]: Entering directory '/home/aheitz/so_long/lib/MLX42/build'
make[3]: Entering directory '/home/aheitz/so_long/lib/MLX42/build'
make[4]: Entering directory '/home/aheitz/so_long/lib/MLX42/build'
[35m[1mConsolidate compiler generated dependencies of target mlx42[0m
make[4]: Leaving directory '/home/aheitz/so_long/lib/MLX42/build'
[100%] Built target mlx42
make[3]: Leaving directory '/home/aheitz/so_long/lib/MLX42/build'
make[2]: Leaving directory '/home/aheitz/so_long/lib/MLX42/build'
make[1]: Leaving directory '/home/aheitz/so_long'

==4048020== Memcheck, a memory error detector
==4048020== Copyright (C) 2002-2017, and GNU GPL'd, by Julian Seward et al.
==4048020== Using Valgrind-3.18.1 and LibVEX; rerun with -h for copyright info
==4048020== Command: ./so_long france.ber
==4048020== 
==4048020== 
==4048020== HEAP SUMMARY:
==4048020==     in use at exit: 0 bytes in 0 blocks
==4048020==   total heap usage: 146 allocs, 146 frees, 6,679 bytes allocated
==4048020== 
==4048020== All heap blocks were freed -- no leaks are possible
==4048020== 
==4048020== For lists of detected and suppressed errors, rerun with: -s
==4048020== ERROR SUMMARY: 0 errors from 0 contexts (suppressed: 0 from 0)

Logfile date: lun. 25 mars 2024 16:56:35 CET

Submitted argument: france.ber

make[1]: Entering directory '/home/aheitz/so_long'
-- MLX42 @ 2.3.3
-- Building in RELEASE mode
-- Found GLFW: /usr/lib/x86_64-linux-gnu/libglfw.so
-- Configuring done
-- Generating done
-- Build files have been written to: /home/aheitz/so_long/lib/MLX42/build
make[2]: Entering directory '/home/aheitz/so_long/lib/MLX42/build'
make[3]: Entering directory '/home/aheitz/so_long/lib/MLX42/build'
make[4]: Entering directory '/home/aheitz/so_long/lib/MLX42/build'
[35m[1mConsolidate compiler generated dependencies of target mlx42[0m
make[4]: Leaving directory '/home/aheitz/so_long/lib/MLX42/build'
[100%] Built target mlx42
make[3]: Leaving directory '/home/aheitz/so_long/lib/MLX42/build'
make[2]: Leaving directory '/home/aheitz/so_long/lib/MLX42/build'
make[1]: Leaving directory '/home/aheitz/so_long'

==4047756== Memcheck, a memory error detector
==4047756== Copyright (C) 2002-2017, and GNU GPL'd, by Julian Seward et al.
==4047756== Using Valgrind-3.18.1 and LibVEX; rerun with -h for copyright info
==4047756== Command: ./so_long france.ber
==4047756== 
==4047756== Invalid write of size 8
==4047756==    at 0x4015CE: create_node (main.c:104)
==4047756==    by 0x40136A: save_map (main.c:86)
==4047756==    by 0x401216: main (main.c:26)
==4047756==  Address 0x4d8c278 is 0 bytes after a block of size 8 alloc'd
==4047756==    at 0x4848899: malloc (in /usr/libexec/valgrind/vgpreload_memcheck-amd64-linux.so)
==4047756==    by 0x4012CF: allocate (main.c:60)
==4047756==    by 0x4015AA: create_node (main.c:101)
==4047756==    by 0x40136A: save_map (main.c:86)
==4047756==    by 0x401216: main (main.c:26)
==4047756== 
==4047756== Invalid write of size 8
==4047756==    at 0x4012D7: allocate (main.c:60)
==4047756==    by 0x4015AA: create_node (main.c:101)
==4047756==    by 0x4013A7: save_map (main.c:91)
==4047756==    by 0x401216: main (main.c:26)
==4047756==  Address 0x4d8c278 is 0 bytes after a block of size 8 alloc'd
==4047756==    at 0x4848899: malloc (in /usr/libexec/valgrind/vgpreload_memcheck-amd64-linux.so)
==4047756==    by 0x4012CF: allocate (main.c:60)
==4047756==    by 0x4015AA: create_node (main.c:101)
==4047756==    by 0x40136A: save_map (main.c:86)
==4047756==    by 0x401216: main (main.c:26)
==4047756== 
==4047756== Invalid read of size 8
==4047756==    at 0x4012DE: allocate (main.c:61)
==4047756==    by 0x4015AA: create_node (main.c:101)
==4047756==    by 0x4013A7: save_map (main.c:91)
==4047756==    by 0x401216: main (main.c:26)
==4047756==  Address 0x4d8c278 is 0 bytes after a block of size 8 alloc'd
==4047756==    at 0x4848899: malloc (in /usr/libexec/valgrind/vgpreload_memcheck-amd64-linux.so)
==4047756==    by 0x4012CF: allocate (main.c:60)
==4047756==    by 0x4015AA: create_node (main.c:101)
==4047756==    by 0x40136A: save_map (main.c:86)
==4047756==    by 0x401216: main (main.c:26)
==4047756== 
==4047756== Invalid read of size 8
==4047756==    at 0x4015AF: create_node (main.c:102)
==4047756==    by 0x4013A7: save_map (main.c:91)
==4047756==    by 0x401216: main (main.c:26)
==4047756==  Address 0x4d8c278 is 0 bytes after a block of size 8 alloc'd
==4047756==    at 0x4848899: malloc (in /usr/libexec/valgrind/vgpreload_memcheck-amd64-linux.so)
==4047756==    by 0x4012CF: allocate (main.c:60)
==4047756==    by 0x4015AA: create_node (main.c:101)
==4047756==    by 0x40136A: save_map (main.c:86)
==4047756==    by 0x401216: main (main.c:26)
==4047756== 
==4047756== Invalid read of size 8
==4047756==    at 0x4015C1: create_node (main.c:103)
==4047756==    by 0x4013A7: save_map (main.c:91)
==4047756==    by 0x401216: main (main.c:26)
==4047756==  Address 0x4d8c278 is 0 bytes after a block of size 8 alloc'd
==4047756==    at 0x4848899: malloc (in /usr/libexec/valgrind/vgpreload_memcheck-amd64-linux.so)
==4047756==    by 0x4012CF: allocate (main.c:60)
==4047756==    by 0x4015AA: create_node (main.c:101)
==4047756==    by 0x40136A: save_map (main.c:86)
==4047756==    by 0x401216: main (main.c:26)
==4047756== 
==4047756== Invalid read of size 8
==4047756==    at 0x4015CB: create_node (main.c:104)
==4047756==    by 0x4013A7: save_map (main.c:91)
==4047756==    by 0x401216: main (main.c:26)
==4047756==  Address 0x4d8c278 is 0 bytes after a block of size 8 alloc'd
==4047756==    at 0x4848899: malloc (in /usr/libexec/valgrind/vgpreload_memcheck-amd64-linux.so)
==4047756==    by 0x4012CF: allocate (main.c:60)
==4047756==    by 0x4015AA: create_node (main.c:101)
==4047756==    by 0x40136A: save_map (main.c:86)
==4047756==    by 0x401216: main (main.c:26)
==4047756== 
==4047756== Invalid write of size 8
==4047756==    at 0x4015CE: create_node (main.c:104)
==4047756==    by 0x4013A7: save_map (main.c:91)
==4047756==    by 0x401216: main (main.c:26)
==4047756==  Address 0x4d8c438 is 0 bytes after a block of size 8 alloc'd
==4047756==    at 0x4848899: malloc (in /usr/libexec/valgrind/vgpreload_memcheck-amd64-linux.so)
==4047756==    by 0x4012CF: allocate (main.c:60)
==4047756==    by 0x4015AA: create_node (main.c:101)
==4047756==    by 0x4013A7: save_map (main.c:91)
==4047756==    by 0x401216: main (main.c:26)
==4047756== 
==4047756== Invalid read of size 8
==4047756==    at 0x4013AC: save_map (main.c:92)
==4047756==    by 0x401216: main (main.c:26)
==4047756==  Address 0x4d8c278 is 0 bytes after a block of size 8 alloc'd
==4047756==    at 0x4848899: malloc (in /usr/libexec/valgrind/vgpreload_memcheck-amd64-linux.so)
==4047756==    by 0x4012CF: allocate (main.c:60)
==4047756==    by 0x4015AA: create_node (main.c:101)
==4047756==    by 0x40136A: save_map (main.c:86)
==4047756==    by 0x401216: main (main.c:26)
==4047756== 
==4047756== Invalid read of size 8
==4047756==    at 0x401530: free_list (main.c:115)
==4047756==    by 0x401417: free_game (main.c:70)
==4047756==    by 0x40121F: main (main.c:31)
==4047756==  Address 0x4d8c278 is 0 bytes after a block of size 8 alloc'd
==4047756==    at 0x4848899: malloc (in /usr/libexec/valgrind/vgpreload_memcheck-amd64-linux.so)
==4047756==    by 0x4012CF: allocate (main.c:60)
==4047756==    by 0x4015AA: create_node (main.c:101)
==4047756==    by 0x40136A: save_map (main.c:86)
==4047756==    by 0x401216: main (main.c:26)
==4047756== 
==4047756== 
==4047756== HEAP SUMMARY:
==4047756==     in use at exit: 0 bytes in 0 blocks
==4047756==   total heap usage: 146 allocs, 146 frees, 6,423 bytes allocated
==4047756== 
==4047756== All heap blocks were freed -- no leaks are possible
==4047756== 
==4047756== For lists of detected and suppressed errors, rerun with: -s
==4047756== ERROR SUMMARY: 250 errors from 9 contexts (suppressed: 0 from 0)

Logfile date: lun. 25 mars 2024 16:55:48 CET

Submitted argument: france.ber

make[1]: Entering directory '/home/aheitz/so_long'
-- MLX42 @ 2.3.3
-- Building in RELEASE mode
-- Found GLFW: /usr/lib/x86_64-linux-gnu/libglfw.so
-- Configuring done
-- Generating done
-- Build files have been written to: /home/aheitz/so_long/lib/MLX42/build
make[2]: Entering directory '/home/aheitz/so_long/lib/MLX42/build'
make[3]: Entering directory '/home/aheitz/so_long/lib/MLX42/build'
make[4]: Entering directory '/home/aheitz/so_long/lib/MLX42/build'
[35m[1mConsolidate compiler generated dependencies of target mlx42[0m
make[4]: Leaving directory '/home/aheitz/so_long/lib/MLX42/build'
[100%] Built target mlx42
make[3]: Leaving directory '/home/aheitz/so_long/lib/MLX42/build'
make[2]: Leaving directory '/home/aheitz/so_long/lib/MLX42/build'
make[1]: Leaving directory '/home/aheitz/so_long'

==4047426== Memcheck, a memory error detector
==4047426== Copyright (C) 2002-2017, and GNU GPL'd, by Julian Seward et al.
==4047426== Using Valgrind-3.18.1 and LibVEX; rerun with -h for copyright info
==4047426== Command: ./so_long france.ber
==4047426== 
==4047426== Invalid write of size 8
==4047426==    at 0x4015CE: create_node (main.c:104)
==4047426==    by 0x40136A: save_map (main.c:86)
==4047426==    by 0x401216: main (main.c:26)
==4047426==  Address 0x4d8c278 is 0 bytes after a block of size 8 alloc'd
==4047426==    at 0x4848899: malloc (in /usr/libexec/valgrind/vgpreload_memcheck-amd64-linux.so)
==4047426==    by 0x4012CF: allocate (main.c:60)
==4047426==    by 0x4015AA: create_node (main.c:101)
==4047426==    by 0x40136A: save_map (main.c:86)
==4047426==    by 0x401216: main (main.c:26)
==4047426== 
==4047426== Invalid write of size 8
==4047426==    at 0x4012D7: allocate (main.c:60)
==4047426==    by 0x4015AA: create_node (main.c:101)
==4047426==    by 0x4013A7: save_map (main.c:91)
==4047426==    by 0x401216: main (main.c:26)
==4047426==  Address 0x4d8c278 is 0 bytes after a block of size 8 alloc'd
==4047426==    at 0x4848899: malloc (in /usr/libexec/valgrind/vgpreload_memcheck-amd64-linux.so)
==4047426==    by 0x4012CF: allocate (main.c:60)
==4047426==    by 0x4015AA: create_node (main.c:101)
==4047426==    by 0x40136A: save_map (main.c:86)
==4047426==    by 0x401216: main (main.c:26)
==4047426== 
==4047426== Invalid read of size 8
==4047426==    at 0x4012DE: allocate (main.c:61)
==4047426==    by 0x4015AA: create_node (main.c:101)
==4047426==    by 0x4013A7: save_map (main.c:91)
==4047426==    by 0x401216: main (main.c:26)
==4047426==  Address 0x4d8c278 is 0 bytes after a block of size 8 alloc'd
==4047426==    at 0x4848899: malloc (in /usr/libexec/valgrind/vgpreload_memcheck-amd64-linux.so)
==4047426==    by 0x4012CF: allocate (main.c:60)
==4047426==    by 0x4015AA: create_node (main.c:101)
==4047426==    by 0x40136A: save_map (main.c:86)
==4047426==    by 0x401216: main (main.c:26)
==4047426== 
==4047426== Invalid read of size 8
==4047426==    at 0x4015AF: create_node (main.c:102)
==4047426==    by 0x4013A7: save_map (main.c:91)
==4047426==    by 0x401216: main (main.c:26)
==4047426==  Address 0x4d8c278 is 0 bytes after a block of size 8 alloc'd
==4047426==    at 0x4848899: malloc (in /usr/libexec/valgrind/vgpreload_memcheck-amd64-linux.so)
==4047426==    by 0x4012CF: allocate (main.c:60)
==4047426==    by 0x4015AA: create_node (main.c:101)
==4047426==    by 0x40136A: save_map (main.c:86)
==4047426==    by 0x401216: main (main.c:26)
==4047426== 
==4047426== Invalid read of size 8
==4047426==    at 0x4015C1: create_node (main.c:103)
==4047426==    by 0x4013A7: save_map (main.c:91)
==4047426==    by 0x401216: main (main.c:26)
==4047426==  Address 0x4d8c278 is 0 bytes after a block of size 8 alloc'd
==4047426==    at 0x4848899: malloc (in /usr/libexec/valgrind/vgpreload_memcheck-amd64-linux.so)
==4047426==    by 0x4012CF: allocate (main.c:60)
==4047426==    by 0x4015AA: create_node (main.c:101)
==4047426==    by 0x40136A: save_map (main.c:86)
==4047426==    by 0x401216: main (main.c:26)
==4047426== 
==4047426== Invalid read of size 8
==4047426==    at 0x4015CB: create_node (main.c:104)
==4047426==    by 0x4013A7: save_map (main.c:91)
==4047426==    by 0x401216: main (main.c:26)
==4047426==  Address 0x4d8c278 is 0 bytes after a block of size 8 alloc'd
==4047426==    at 0x4848899: malloc (in /usr/libexec/valgrind/vgpreload_memcheck-amd64-linux.so)
==4047426==    by 0x4012CF: allocate (main.c:60)
==4047426==    by 0x4015AA: create_node (main.c:101)
==4047426==    by 0x40136A: save_map (main.c:86)
==4047426==    by 0x401216: main (main.c:26)
==4047426== 
==4047426== Invalid write of size 8
==4047426==    at 0x4015CE: create_node (main.c:104)
==4047426==    by 0x4013A7: save_map (main.c:91)
==4047426==    by 0x401216: main (main.c:26)
==4047426==  Address 0x4d8c438 is 0 bytes after a block of size 8 alloc'd
==4047426==    at 0x4848899: malloc (in /usr/libexec/valgrind/vgpreload_memcheck-amd64-linux.so)
==4047426==    by 0x4012CF: allocate (main.c:60)
==4047426==    by 0x4015AA: create_node (main.c:101)
==4047426==    by 0x4013A7: save_map (main.c:91)
==4047426==    by 0x401216: main (main.c:26)
==4047426== 
==4047426== Invalid read of size 8
==4047426==    at 0x4013AC: save_map (main.c:92)
==4047426==    by 0x401216: main (main.c:26)
==4047426==  Address 0x4d8c278 is 0 bytes after a block of size 8 alloc'd
==4047426==    at 0x4848899: malloc (in /usr/libexec/valgrind/vgpreload_memcheck-amd64-linux.so)
==4047426==    by 0x4012CF: allocate (main.c:60)
==4047426==    by 0x4015AA: create_node (main.c:101)
==4047426==    by 0x40136A: save_map (main.c:86)
==4047426==    by 0x401216: main (main.c:26)
==4047426== 
==4047426== Invalid read of size 8
==4047426==    at 0x401530: free_list (main.c:115)
==4047426==    by 0x401417: free_game (main.c:70)
==4047426==    by 0x40121F: main (main.c:31)
==4047426==  Address 0x4d8c278 is 0 bytes after a block of size 8 alloc'd
==4047426==    at 0x4848899: malloc (in /usr/libexec/valgrind/vgpreload_memcheck-amd64-linux.so)
==4047426==    by 0x4012CF: allocate (main.c:60)
==4047426==    by 0x4015AA: create_node (main.c:101)
==4047426==    by 0x40136A: save_map (main.c:86)
==4047426==    by 0x401216: main (main.c:26)
==4047426== 
==4047426== 
==4047426== HEAP SUMMARY:
==4047426==     in use at exit: 0 bytes in 0 blocks
==4047426==   total heap usage: 146 allocs, 146 frees, 6,423 bytes allocated
==4047426== 
==4047426== All heap blocks were freed -- no leaks are possible
==4047426== 
==4047426== For lists of detected and suppressed errors, rerun with: -s
==4047426== ERROR SUMMARY: 250 errors from 9 contexts (suppressed: 0 from 0)

Logfile date: lun. 25 mars 2024 16:35:45 CET

Submitted argument: france.ber

make[1]: Entering directory '/home/aheitz/so_long'
-- MLX42 @ 2.3.3
-- Building in RELEASE mode
-- Found GLFW: /usr/lib/x86_64-linux-gnu/libglfw.so
-- Configuring done
-- Generating done
-- Build files have been written to: /home/aheitz/so_long/lib/MLX42/build
make[2]: Entering directory '/home/aheitz/so_long/lib/MLX42/build'
make[3]: Entering directory '/home/aheitz/so_long/lib/MLX42/build'
make[4]: Entering directory '/home/aheitz/so_long/lib/MLX42/build'
[35m[1mConsolidate compiler generated dependencies of target mlx42[0m
make[4]: Leaving directory '/home/aheitz/so_long/lib/MLX42/build'
[100%] Built target mlx42
make[3]: Leaving directory '/home/aheitz/so_long/lib/MLX42/build'
make[2]: Leaving directory '/home/aheitz/so_long/lib/MLX42/build'
make[1]: Leaving directory '/home/aheitz/so_long'

==4039703== Memcheck, a memory error detector
==4039703== Copyright (C) 2002-2017, and GNU GPL'd, by Julian Seward et al.
==4039703== Using Valgrind-3.18.1 and LibVEX; rerun with -h for copyright info
==4039703== Command: ./so_long france.ber
==4039703== 
==4039703== Invalid read of size 8
==4039703==    at 0x401B73: error_occurred (errors.c:18)
==4039703==    by 0x401517: check_argument_extension (main.c:57)
==4039703==    by 0x4012E2: check_program_argument (main.c:47)
==4039703==    by 0x4011D6: main (main.c:22)
==4039703==  Address 0x0 is not stack'd, malloc'd or (recently) free'd
==4039703== 
==4039703== 
==4039703== Process terminating with default action of signal 11 (SIGSEGV)
==4039703==  Access not within mapped region at address 0x0
==4039703==    at 0x401B73: error_occurred (errors.c:18)
==4039703==    by 0x401517: check_argument_extension (main.c:57)
==4039703==    by 0x4012E2: check_program_argument (main.c:47)
==4039703==    by 0x4011D6: main (main.c:22)
==4039703==  If you believe this happened as a result of a stack
==4039703==  overflow in your program's main thread (unlikely but
==4039703==  possible), you can try to increase the size of the
==4039703==  main thread stack using the --main-stacksize= flag.
==4039703==  The main thread stack size used in this run was 8388608.
==4039703== 
==4039703== HEAP SUMMARY:
==4039703==     in use at exit: 4,096 bytes in 1 blocks
==4039703==   total heap usage: 1 allocs, 0 frees, 4,096 bytes allocated
==4039703== 
==4039703== 4,096 bytes in 1 blocks are still reachable in loss record 1 of 1
==4039703==    at 0x4848899: malloc (in /usr/libexec/valgrind/vgpreload_memcheck-amd64-linux.so)
==4039703==    by 0x4A3DBA3: _IO_file_doallocate (filedoalloc.c:101)
==4039703==    by 0x4A4CCDF: _IO_doallocbuf (genops.c:347)
==4039703==    by 0x4A4BF5F: _IO_file_overflow@@GLIBC_2.2.5 (fileops.c:744)
==4039703==    by 0x4A4A6D4: _IO_new_file_xsputn (fileops.c:1243)
==4039703==    by 0x4A4A6D4: _IO_file_xsputn@@GLIBC_2.2.5 (fileops.c:1196)
==4039703==    by 0x4A3414C: outstring_func (vfprintf-internal.c:239)
==4039703==    by 0x4A3414C: __vfprintf_internal (vfprintf-internal.c:1263)
==4039703==    by 0x4A1F79E: printf (printf.c:33)
==4039703==    by 0x4011C6: main (main.c:20)
==4039703== 
==4039703== LEAK SUMMARY:
==4039703==    definitely lost: 0 bytes in 0 blocks
==4039703==    indirectly lost: 0 bytes in 0 blocks
==4039703==      possibly lost: 0 bytes in 0 blocks
==4039703==    still reachable: 4,096 bytes in 1 blocks
==4039703==         suppressed: 0 bytes in 0 blocks
==4039703== 
==4039703== For lists of detected and suppressed errors, rerun with: -s
==4039703== ERROR SUMMARY: 1 errors from 1 contexts (suppressed: 0 from 0)
Segmentation fault

Logfile date: lun. 25 mars 2024 16:35:31 CET

Submitted argument: france.ber

make[1]: Entering directory '/home/aheitz/so_long'
-- MLX42 @ 2.3.3
-- Building in RELEASE mode
-- Found GLFW: /usr/lib/x86_64-linux-gnu/libglfw.so
-- Configuring done
-- Generating done
-- Build files have been written to: /home/aheitz/so_long/lib/MLX42/build
make[2]: Entering directory '/home/aheitz/so_long/lib/MLX42/build'
make[3]: Entering directory '/home/aheitz/so_long/lib/MLX42/build'
make[4]: Entering directory '/home/aheitz/so_long/lib/MLX42/build'
[35m[1mConsolidate compiler generated dependencies of target mlx42[0m
make[4]: Leaving directory '/home/aheitz/so_long/lib/MLX42/build'
[100%] Built target mlx42
make[3]: Leaving directory '/home/aheitz/so_long/lib/MLX42/build'
make[2]: Leaving directory '/home/aheitz/so_long/lib/MLX42/build'
make[1]: Leaving directory '/home/aheitz/so_long'

==4039444== Memcheck, a memory error detector
==4039444== Copyright (C) 2002-2017, and GNU GPL'd, by Julian Seward et al.
==4039444== Using Valgrind-3.18.1 and LibVEX; rerun with -h for copyright info
==4039444== Command: ./so_long france.ber
==4039444== 
==4039444== Invalid read of size 8
==4039444==    at 0x401B53: error_occurred (errors.c:18)
==4039444==    by 0x4014F7: check_argument_extension (main.c:55)
==4039444==    by 0x4012C2: check_program_argument (main.c:45)
==4039444==    by 0x4011C5: main (main.c:21)
==4039444==  Address 0x0 is not stack'd, malloc'd or (recently) free'd
==4039444== 
==4039444== 
==4039444== Process terminating with default action of signal 11 (SIGSEGV)
==4039444==  Access not within mapped region at address 0x0
==4039444==    at 0x401B53: error_occurred (errors.c:18)
==4039444==    by 0x4014F7: check_argument_extension (main.c:55)
==4039444==    by 0x4012C2: check_program_argument (main.c:45)
==4039444==    by 0x4011C5: main (main.c:21)
==4039444==  If you believe this happened as a result of a stack
==4039444==  overflow in your program's main thread (unlikely but
==4039444==  possible), you can try to increase the size of the
==4039444==  main thread stack using the --main-stacksize= flag.
==4039444==  The main thread stack size used in this run was 8388608.
==4039444== 
==4039444== HEAP SUMMARY:
==4039444==     in use at exit: 0 bytes in 0 blocks
==4039444==   total heap usage: 0 allocs, 0 frees, 0 bytes allocated
==4039444== 
==4039444== All heap blocks were freed -- no leaks are possible
==4039444== 
==4039444== For lists of detected and suppressed errors, rerun with: -s
==4039444== ERROR SUMMARY: 1 errors from 1 contexts (suppressed: 0 from 0)
Segmentation fault

Logfile date: lun. 25 mars 2024 16:34:51 CET

Submitted argument: france.ber

make[1]: Entering directory '/home/aheitz/so_long'
-- MLX42 @ 2.3.3
-- Building in RELEASE mode
-- Found GLFW: /usr/lib/x86_64-linux-gnu/libglfw.so
-- Configuring done
-- Generating done
-- Build files have been written to: /home/aheitz/so_long/lib/MLX42/build
make[2]: Entering directory '/home/aheitz/so_long/lib/MLX42/build'
make[3]: Entering directory '/home/aheitz/so_long/lib/MLX42/build'
make[4]: Entering directory '/home/aheitz/so_long/lib/MLX42/build'
[35m[1mConsolidate compiler generated dependencies of target mlx42[0m
make[4]: Leaving directory '/home/aheitz/so_long/lib/MLX42/build'
[100%] Built target mlx42
make[3]: Leaving directory '/home/aheitz/so_long/lib/MLX42/build'
make[2]: Leaving directory '/home/aheitz/so_long/lib/MLX42/build'
make[1]: Leaving directory '/home/aheitz/so_long'

==4039163== Memcheck, a memory error detector
==4039163== Copyright (C) 2002-2017, and GNU GPL'd, by Julian Seward et al.
==4039163== Using Valgrind-3.18.1 and LibVEX; rerun with -h for copyright info
==4039163== Command: ./so_long france.ber
==4039163== 
==4039163== Invalid read of size 8
==4039163==    at 0x401B53: error_occurred (errors.c:18)
==4039163==    by 0x4014F7: check_argument_extension (main.c:55)
==4039163==    by 0x4012C2: check_program_argument (main.c:45)
==4039163==    by 0x4011C5: main (main.c:21)
==4039163==  Address 0x0 is not stack'd, malloc'd or (recently) free'd
==4039163== 
==4039163== 
==4039163== Process terminating with default action of signal 11 (SIGSEGV)
==4039163==  Access not within mapped region at address 0x0
==4039163==    at 0x401B53: error_occurred (errors.c:18)
==4039163==    by 0x4014F7: check_argument_extension (main.c:55)
==4039163==    by 0x4012C2: check_program_argument (main.c:45)
==4039163==    by 0x4011C5: main (main.c:21)
==4039163==  If you believe this happened as a result of a stack
==4039163==  overflow in your program's main thread (unlikely but
==4039163==  possible), you can try to increase the size of the
==4039163==  main thread stack using the --main-stacksize= flag.
==4039163==  The main thread stack size used in this run was 8388608.
==4039163== 
==4039163== HEAP SUMMARY:
==4039163==     in use at exit: 0 bytes in 0 blocks
==4039163==   total heap usage: 0 allocs, 0 frees, 0 bytes allocated
==4039163== 
==4039163== All heap blocks were freed -- no leaks are possible
==4039163== 
==4039163== For lists of detected and suppressed errors, rerun with: -s
==4039163== ERROR SUMMARY: 1 errors from 1 contexts (suppressed: 0 from 0)
Segmentation fault

Logfile date: lun. 25 mars 2024 16:34:15 CET

Submitted argument: france.ber

make[1]: Entering directory '/home/aheitz/so_long'
-- MLX42 @ 2.3.3
-- Building in RELEASE mode
-- Found GLFW: /usr/lib/x86_64-linux-gnu/libglfw.so
-- Configuring done
-- Generating done
-- Build files have been written to: /home/aheitz/so_long/lib/MLX42/build
make[2]: Entering directory '/home/aheitz/so_long/lib/MLX42/build'
make[3]: Entering directory '/home/aheitz/so_long/lib/MLX42/build'
make[4]: Entering directory '/home/aheitz/so_long/lib/MLX42/build'
[35m[1mConsolidate compiler generated dependencies of target mlx42[0m
make[4]: Leaving directory '/home/aheitz/so_long/lib/MLX42/build'
[100%] Built target mlx42
make[3]: Leaving directory '/home/aheitz/so_long/lib/MLX42/build'
make[2]: Leaving directory '/home/aheitz/so_long/lib/MLX42/build'
make[1]: Leaving directory '/home/aheitz/so_long'

==4038840== Memcheck, a memory error detector
==4038840== Copyright (C) 2002-2017, and GNU GPL'd, by Julian Seward et al.
==4038840== Using Valgrind-3.18.1 and LibVEX; rerun with -h for copyright info
==4038840== Command: ./so_long france.ber
==4038840== 
==4038840== Invalid read of size 8
==4038840==    at 0x401B33: error_occurred (errors.c:18)
==4038840==    by 0x4014D7: check_argument_extension (main.c:54)
==4038840==    by 0x4012A2: check_program_argument (main.c:44)
==4038840==    by 0x4011B5: main (main.c:21)
==4038840==  Address 0x0 is not stack'd, malloc'd or (recently) free'd
==4038840== 
==4038840== 
==4038840== Process terminating with default action of signal 11 (SIGSEGV)
==4038840==  Access not within mapped region at address 0x0
==4038840==    at 0x401B33: error_occurred (errors.c:18)
==4038840==    by 0x4014D7: check_argument_extension (main.c:54)
==4038840==    by 0x4012A2: check_program_argument (main.c:44)
==4038840==    by 0x4011B5: main (main.c:21)
==4038840==  If you believe this happened as a result of a stack
==4038840==  overflow in your program's main thread (unlikely but
==4038840==  possible), you can try to increase the size of the
==4038840==  main thread stack using the --main-stacksize= flag.
==4038840==  The main thread stack size used in this run was 8388608.
==4038840== 
==4038840== HEAP SUMMARY:
==4038840==     in use at exit: 0 bytes in 0 blocks
==4038840==   total heap usage: 0 allocs, 0 frees, 0 bytes allocated
==4038840== 
==4038840== All heap blocks were freed -- no leaks are possible
==4038840== 
==4038840== For lists of detected and suppressed errors, rerun with: -s
==4038840== ERROR SUMMARY: 1 errors from 1 contexts (suppressed: 0 from 0)
Segmentation fault

Logfile date: lun. 25 mars 2024 14:28:29 CET

Submitted argument: france.ber

make[1]: Entering directory '/home/aheitz/so_long'
-- MLX42 @ 2.3.3
-- Building in RELEASE mode
-- Found GLFW: /usr/lib/x86_64-linux-gnu/libglfw.so
-- Configuring done
-- Generating done
-- Build files have been written to: /home/aheitz/so_long/lib/MLX42/build
make[2]: Entering directory '/home/aheitz/so_long/lib/MLX42/build'
make[3]: Entering directory '/home/aheitz/so_long/lib/MLX42/build'
make[4]: Entering directory '/home/aheitz/so_long/lib/MLX42/build'
[35m[1mConsolidate compiler generated dependencies of target mlx42[0m
make[4]: Leaving directory '/home/aheitz/so_long/lib/MLX42/build'
[100%] Built target mlx42
make[3]: Leaving directory '/home/aheitz/so_long/lib/MLX42/build'
make[2]: Leaving directory '/home/aheitz/so_long/lib/MLX42/build'
make[1]: Leaving directory '/home/aheitz/so_long'

==4013276== Memcheck, a memory error detector
==4013276== Copyright (C) 2002-2017, and GNU GPL'd, by Julian Seward et al.
==4013276== Using Valgrind-3.18.1 and LibVEX; rerun with -h for copyright info
==4013276== Command: ./so_long france.ber
==4013276== 
==4013276== 
==4013276== HEAP SUMMARY:
==4013276==     in use at exit: 0 bytes in 0 blocks
==4013276==   total heap usage: 2 allocs, 2 frees, 8 bytes allocated
==4013276== 
==4013276== All heap blocks were freed -- no leaks are possible
==4013276== 
==4013276== For lists of detected and suppressed errors, rerun with: -s
==4013276== ERROR SUMMARY: 0 errors from 0 contexts (suppressed: 0 from 0)

Logfile date: lun. 25 mars 2024 14:18:00 CET

Submitted argument: france.ber

make[1]: Entering directory '/home/aheitz/so_long'
-- MLX42 @ 2.3.3
-- Building in RELEASE mode
-- Found GLFW: /usr/lib/x86_64-linux-gnu/libglfw.so
-- Configuring done
-- Generating done
-- Build files have been written to: /home/aheitz/so_long/lib/MLX42/build
make[2]: Entering directory '/home/aheitz/so_long/lib/MLX42/build'
make[3]: Entering directory '/home/aheitz/so_long/lib/MLX42/build'
make[4]: Entering directory '/home/aheitz/so_long/lib/MLX42/build'
[35m[1mConsolidate compiler generated dependencies of target mlx42[0m
make[4]: Leaving directory '/home/aheitz/so_long/lib/MLX42/build'
[100%] Built target mlx42
make[3]: Leaving directory '/home/aheitz/so_long/lib/MLX42/build'
make[2]: Leaving directory '/home/aheitz/so_long/lib/MLX42/build'
make[1]: Leaving directory '/home/aheitz/so_long'

==4009449== Memcheck, a memory error detector
==4009449== Copyright (C) 2002-2017, and GNU GPL'd, by Julian Seward et al.
==4009449== Using Valgrind-3.18.1 and LibVEX; rerun with -h for copyright info
==4009449== Command: ./so_long france.ber
==4009449== 
==4009449== 
==4009449== HEAP SUMMARY:
==4009449==     in use at exit: 0 bytes in 0 blocks
==4009449==   total heap usage: 2 allocs, 2 frees, 8 bytes allocated
==4009449== 
==4009449== All heap blocks were freed -- no leaks are possible
==4009449== 
==4009449== For lists of detected and suppressed errors, rerun with: -s
==4009449== ERROR SUMMARY: 0 errors from 0 contexts (suppressed: 0 from 0)

Logfile date: lun. 25 mars 2024 12:02:27 CET

Submitted argument: france.ber

make[1]: Entering directory '/home/aheitz/so_long'
-- MLX42 @ 2.3.3
-- Building in RELEASE mode
-- Found GLFW: /usr/lib/x86_64-linux-gnu/libglfw.so
-- Configuring done
-- Generating done
-- Build files have been written to: /home/aheitz/so_long/lib/MLX42/build
make[2]: Entering directory '/home/aheitz/so_long/lib/MLX42/build'
make[3]: Entering directory '/home/aheitz/so_long/lib/MLX42/build'
make[4]: Entering directory '/home/aheitz/so_long/lib/MLX42/build'
[35m[1mConsolidate compiler generated dependencies of target mlx42[0m
make[4]: Leaving directory '/home/aheitz/so_long/lib/MLX42/build'
[100%] Built target mlx42
make[3]: Leaving directory '/home/aheitz/so_long/lib/MLX42/build'
make[2]: Leaving directory '/home/aheitz/so_long/lib/MLX42/build'
make[1]: Leaving directory '/home/aheitz/so_long'

==1933050== Memcheck, a memory error detector
==1933050== Copyright (C) 2002-2017, and GNU GPL'd, by Julian Seward et al.
==1933050== Using Valgrind-3.18.1 and LibVEX; rerun with -h for copyright info
==1933050== Command: ./so_long france.ber
==1933050== 
==1933050== 
==1933050== HEAP SUMMARY:
==1933050==     in use at exit: 0 bytes in 0 blocks
==1933050==   total heap usage: 2 allocs, 2 frees, 8 bytes allocated
==1933050== 
==1933050== All heap blocks were freed -- no leaks are possible
==1933050== 
==1933050== For lists of detected and suppressed errors, rerun with: -s
==1933050== ERROR SUMMARY: 0 errors from 0 contexts (suppressed: 0 from 0)

Logfile date: lun. 25 mars 2024 12:01:52 CET

Submitted argument: france.ber

make[1]: Entering directory '/home/aheitz/so_long'
-- MLX42 @ 2.3.3
-- Building in RELEASE mode
-- Found GLFW: /usr/lib/x86_64-linux-gnu/libglfw.so
-- Configuring done
-- Generating done
-- Build files have been written to: /home/aheitz/so_long/lib/MLX42/build
make[2]: Entering directory '/home/aheitz/so_long/lib/MLX42/build'
make[3]: Entering directory '/home/aheitz/so_long/lib/MLX42/build'
make[4]: Entering directory '/home/aheitz/so_long/lib/MLX42/build'
[35m[1mConsolidate compiler generated dependencies of target mlx42[0m
make[4]: Leaving directory '/home/aheitz/so_long/lib/MLX42/build'
[100%] Built target mlx42
make[3]: Leaving directory '/home/aheitz/so_long/lib/MLX42/build'
make[2]: Leaving directory '/home/aheitz/so_long/lib/MLX42/build'
make[1]: Leaving directory '/home/aheitz/so_long'

==1932764== Memcheck, a memory error detector
==1932764== Copyright (C) 2002-2017, and GNU GPL'd, by Julian Seward et al.
==1932764== Using Valgrind-3.18.1 and LibVEX; rerun with -h for copyright info
==1932764== Command: ./so_long france.ber
==1932764== 
Error
Allocation for map structure fails!==1932764== 
==1932764== HEAP SUMMARY:
==1932764==     in use at exit: 0 bytes in 0 blocks
==1932764==   total heap usage: 1 allocs, 1 frees, 8 bytes allocated
==1932764== 
==1932764== All heap blocks were freed -- no leaks are possible
==1932764== 
==1932764== For lists of detected and suppressed errors, rerun with: -s
==1932764== ERROR SUMMARY: 0 errors from 0 contexts (suppressed: 0 from 0)

Logfile date: lun. 25 mars 2024 12:01:23 CET

Submitted argument: france.ber

make[1]: Entering directory '/home/aheitz/so_long'
-- MLX42 @ 2.3.3
-- Building in RELEASE mode
-- Found GLFW: /usr/lib/x86_64-linux-gnu/libglfw.so
-- Configuring done
-- Generating done
-- Build files have been written to: /home/aheitz/so_long/lib/MLX42/build
make[2]: Entering directory '/home/aheitz/so_long/lib/MLX42/build'
make[3]: Entering directory '/home/aheitz/so_long/lib/MLX42/build'
make[4]: Entering directory '/home/aheitz/so_long/lib/MLX42/build'
[35m[1mConsolidate compiler generated dependencies of target mlx42[0m
make[4]: Leaving directory '/home/aheitz/so_long/lib/MLX42/build'
[100%] Built target mlx42
make[3]: Leaving directory '/home/aheitz/so_long/lib/MLX42/build'
make[2]: Leaving directory '/home/aheitz/so_long/lib/MLX42/build'
make[1]: Leaving directory '/home/aheitz/so_long'

==1932449== Memcheck, a memory error detector
==1932449== Copyright (C) 2002-2017, and GNU GPL'd, by Julian Seward et al.
==1932449== Using Valgrind-3.18.1 and LibVEX; rerun with -h for copyright info
==1932449== Command: ./so_long france.ber
==1932449== 
Error
Allocation for game structure fails!==1932449== 
==1932449== HEAP SUMMARY:
==1932449==     in use at exit: 0 bytes in 0 blocks
==1932449==   total heap usage: 0 allocs, 0 frees, 0 bytes allocated
==1932449== 
==1932449== All heap blocks were freed -- no leaks are possible
==1932449== 
==1932449== For lists of detected and suppressed errors, rerun with: -s
==1932449== ERROR SUMMARY: 0 errors from 0 contexts (suppressed: 0 from 0)

Logfile date: lun. 25 mars 2024 12:00:24 CET

Submitted argument: 

make[1]: Entering directory '/home/aheitz/so_long'
-- MLX42 @ 2.3.3
-- Building in RELEASE mode
-- Found GLFW: /usr/lib/x86_64-linux-gnu/libglfw.so
-- Configuring done
-- Generating done
-- Build files have been written to: /home/aheitz/so_long/lib/MLX42/build
make[2]: Entering directory '/home/aheitz/so_long/lib/MLX42/build'
make[3]: Entering directory '/home/aheitz/so_long/lib/MLX42/build'
make[4]: Entering directory '/home/aheitz/so_long/lib/MLX42/build'
[35m[1mConsolidate compiler generated dependencies of target mlx42[0m
make[4]: Leaving directory '/home/aheitz/so_long/lib/MLX42/build'
[100%] Built target mlx42
make[3]: Leaving directory '/home/aheitz/so_long/lib/MLX42/build'
make[2]: Leaving directory '/home/aheitz/so_long/lib/MLX42/build'
make[1]: Leaving directory '/home/aheitz/so_long'

==1931580== Memcheck, a memory error detector
==1931580== Copyright (C) 2002-2017, and GNU GPL'd, by Julian Seward et al.
==1931580== Using Valgrind-3.18.1 and LibVEX; rerun with -h for copyright info
==1931580== Command: ./so_long
==1931580== 
Error
No argument to get the game map!==1931580== 
==1931580== HEAP SUMMARY:
==1931580==     in use at exit: 0 bytes in 0 blocks
==1931580==   total heap usage: 0 allocs, 0 frees, 0 bytes allocated
==1931580== 
==1931580== All heap blocks were freed -- no leaks are possible
==1931580== 
==1931580== For lists of detected and suppressed errors, rerun with: -s
==1931580== ERROR SUMMARY: 0 errors from 0 contexts (suppressed: 0 from 0)

Logfile date: lun. 25 mars 2024 11:59:59 CET

Submitted argument: france.ber

make[1]: Entering directory '/home/aheitz/so_long'
-- MLX42 @ 2.3.3
-- Building in RELEASE mode
-- Found GLFW: /usr/lib/x86_64-linux-gnu/libglfw.so
-- Configuring done
-- Generating done
-- Build files have been written to: /home/aheitz/so_long/lib/MLX42/build
make[2]: Entering directory '/home/aheitz/so_long/lib/MLX42/build'
make[3]: Entering directory '/home/aheitz/so_long/lib/MLX42/build'
make[4]: Entering directory '/home/aheitz/so_long/lib/MLX42/build'
[35m[1mConsolidate compiler generated dependencies of target mlx42[0m
make[4]: Leaving directory '/home/aheitz/so_long/lib/MLX42/build'
[100%] Built target mlx42
make[3]: Leaving directory '/home/aheitz/so_long/lib/MLX42/build'
make[2]: Leaving directory '/home/aheitz/so_long/lib/MLX42/build'
make[1]: Leaving directory '/home/aheitz/so_long'

==1931270== Memcheck, a memory error detector
==1931270== Copyright (C) 2002-2017, and GNU GPL'd, by Julian Seward et al.
==1931270== Using Valgrind-3.18.1 and LibVEX; rerun with -h for copyright info
==1931270== Command: ./so_long france.ber
==1931270== 
==1931270== 
==1931270== HEAP SUMMARY:
==1931270==     in use at exit: 0 bytes in 0 blocks
==1931270==   total heap usage: 2 allocs, 2 frees, 8 bytes allocated
==1931270== 
==1931270== All heap blocks were freed -- no leaks are possible
==1931270== 
==1931270== For lists of detected and suppressed errors, rerun with: -s
==1931270== ERROR SUMMARY: 0 errors from 0 contexts (suppressed: 0 from 0)

Logfile date: lun. 25 mars 2024 11:56:52 CET

Submitted argument: france.ber

make[1]: Entering directory '/home/aheitz/so_long'
-- MLX42 @ 2.3.3
-- Building in RELEASE mode
-- Found GLFW: /usr/lib/x86_64-linux-gnu/libglfw.so
-- Configuring done
-- Generating done
-- Build files have been written to: /home/aheitz/so_long/lib/MLX42/build
make[2]: Entering directory '/home/aheitz/so_long/lib/MLX42/build'
make[3]: Entering directory '/home/aheitz/so_long/lib/MLX42/build'
make[4]: Entering directory '/home/aheitz/so_long/lib/MLX42/build'
[35m[1mConsolidate compiler generated dependencies of target mlx42[0m
make[4]: Leaving directory '/home/aheitz/so_long/lib/MLX42/build'
[100%] Built target mlx42
make[3]: Leaving directory '/home/aheitz/so_long/lib/MLX42/build'
make[2]: Leaving directory '/home/aheitz/so_long/lib/MLX42/build'
make[1]: Leaving directory '/home/aheitz/so_long'

==1930613== Memcheck, a memory error detector
==1930613== Copyright (C) 2002-2017, and GNU GPL'd, by Julian Seward et al.
==1930613== Using Valgrind-3.18.1 and LibVEX; rerun with -h for copyright info
==1930613== Command: ./so_long france.ber
==1930613== 
==1930613== 
==1930613== HEAP SUMMARY:
==1930613==     in use at exit: 0 bytes in 1 blocks
==1930613==   total heap usage: 2 allocs, 1 frees, 8 bytes allocated
==1930613== 
==1930613== 0 bytes in 1 blocks are definitely lost in loss record 1 of 1
==1930613==    at 0x4848899: malloc (in /usr/libexec/valgrind/vgpreload_memcheck-amd64-linux.so)
==1930613==    by 0x40126B: allocation (main.c:99)
==1930613==    by 0x4011CD: main (main.c:25)
==1930613== 
==1930613== LEAK SUMMARY:
==1930613==    definitely lost: 0 bytes in 1 blocks
==1930613==    indirectly lost: 0 bytes in 0 blocks
==1930613==      possibly lost: 0 bytes in 0 blocks
==1930613==    still reachable: 0 bytes in 0 blocks
==1930613==         suppressed: 0 bytes in 0 blocks
==1930613== 
==1930613== For lists of detected and suppressed errors, rerun with: -s
==1930613== ERROR SUMMARY: 1 errors from 1 contexts (suppressed: 0 from 0)

